<?xml version="1.0" encoding="UTF-8"?>
<!-- Generated by org.testng.reporters.JUnitXMLReporter -->
<testsuite ignored="0" hostname="Sonali-Shah" failures="0" tests="3" name="Default test" time="0.06" errors="0" timestamp="2026-02-05T22:36:52 IST">
  <testcase classname="paralleltesting.TestClass1" name="testmethod1" time="0.009"/>
  <testcase classname="paralleltesting.TestClass1" name="testmethod2" time="0.001"/>
  <testcase classname="paralleltesting.TestClass1" name="testmethod3" time="0.001"/>
</testsuite> <!-- Default test -->
