<?xml version="1.0" encoding="UTF-8"?>
<!-- Generated by org.testng.reporters.JUnitReportReporter -->
<testsuite hostname="Sonali-Shah" failures="0" tests="4" name="testng.practicetestng" time="109.224" errors="0" timestamp="2025-12-06T20:12:09 IST" skipped="0">
  <testcase classname="testng.practicetestng" name="opening" time="77.974"/>
  <system-out/>
  <testcase classname="testng.practicetestng" name="testlogo" time="5.066"/>
  <system-out/>
  <testcase classname="testng.practicetestng" name="login" time="24.999"/>
  <system-out/>
  <testcase classname="testng.practicetestng" name="logout" time="1.185"/>
  <system-out/>
</testsuite> <!-- testng.practicetestng -->
