<?xml version="1.0" encoding="UTF-8"?>
<!-- Generated by org.testng.reporters.JUnitReportReporter -->
<testsuite hostname="Sonali-Shah" failures="0" tests="3" name="testng.orangehrm" time="0.017" errors="0" timestamp="2025-12-07T11:21:42 IST" skipped="0">
  <testcase classname="testng.orangehrm" name="openapp" time="0.014"/>
  <system-out/>
  <testcase classname="testng.orangehrm" name="loginapp" time="0.002"/>
  <system-out/>
  <testcase classname="testng.orangehrm" name="logoutapp" time="0.001"/>
  <system-out/>
</testsuite> <!-- testng.orangehrm -->
