<?xml version="1.0" encoding="UTF-8"?>
<!-- Generated by org.testng.reporters.JUnitReportReporter -->
<testsuite hostname="Sonali-Shah" failures="0" tests="3" name="paralleltesting.TestClass2" time="0.015" errors="0" timestamp="2026-02-05T23:20:43 IST" skipped="0">
  <testcase classname="paralleltesting.TestClass2" name="testmethod4" time="0.011"/>
  <system-out/>
  <testcase classname="paralleltesting.TestClass2" name="testmethod5" time="0.002"/>
  <system-out/>
  <testcase classname="paralleltesting.TestClass2" name="testmethod6" time="0.002"/>
  <system-out/>
</testsuite> <!-- paralleltesting.TestClass2 -->
