<?xml version="1.0" encoding="UTF-8"?>
<!-- Generated by org.testng.reporters.JUnitReportReporter -->
<testsuite hostname="Sonali-Shah" failures="0" tests="4" name="Project1.practicetestng" time="23.568" errors="0" timestamp="2025-12-06T19:28:20 IST" skipped="0">
  <testcase classname="Project1.practicetestng" name="opening" time="10.701"/>
  <system-out/>
  <testcase classname="Project1.practicetestng" name="testlogo" time="5.631"/>
  <system-out/>
  <testcase classname="Project1.practicetestng" name="login" time="5.982"/>
  <system-out/>
  <testcase classname="Project1.practicetestng" name="logout" time="1.254"/>
  <system-out/>
</testsuite> <!-- Project1.practicetestng -->
