<?xml version="1.0" encoding="UTF-8"?>
<!-- Generated by org.testng.reporters.JUnitReportReporter -->
<testsuite hostname="Sonali-Shah" failures="0" tests="3" name="paralleltesting.TestClass1" time="0.032" errors="0" timestamp="2026-02-05T23:20:43 IST" skipped="0">
  <testcase classname="paralleltesting.TestClass1" name="testmethod2" time="0.019"/>
  <system-out/>
  <testcase classname="paralleltesting.TestClass1" name="testmethod1" time="0.011"/>
  <system-out/>
  <testcase classname="paralleltesting.TestClass1" name="testmethod3" time="0.002"/>
  <system-out/>
</testsuite> <!-- paralleltesting.TestClass1 -->
