<?xml version="1.0" encoding="UTF-8"?>
<!-- Generated by org.testng.reporters.JUnitReportReporter -->
<testsuite hostname="Sonali-Shah" failures="0" tests="3" name="paralleltesting.TestClass3" time="0.006" errors="0" timestamp="2026-02-05T23:20:43 IST" skipped="0">
  <testcase classname="paralleltesting.TestClass3" name="testmethod7" time="0.003"/>
  <system-out/>
  <testcase classname="paralleltesting.TestClass3" name="testmethod8" time="0.001"/>
  <system-out/>
  <testcase classname="paralleltesting.TestClass3" name="testmethod9" time="0.002"/>
  <system-out/>
</testsuite> <!-- paralleltesting.TestClass3 -->
