<?xml version="1.0" encoding="UTF-8"?>
<testng-results ignored="0" total="10" passed="10" failed="0" skipped="0">
  <reporter-output>
  </reporter-output>
  <suite started-at="2026-02-05T23:20:42 IST" name="Suite" finished-at="2026-02-05T23:20:43 IST" duration-ms="201">
    <groups>
    </groups>
    <test started-at="2026-02-05T23:20:42 IST" name="Test1" finished-at="2026-02-05T23:20:43 IST" duration-ms="90">
      <class name="paralleltesting.TestClass3">
        <test-method signature="testmethod7()[pri:0, instance:paralleltesting.TestClass3@58d75e99]" started-at="2026-02-05T23:20:42 IST" name="testmethod7" finished-at="2026-02-05T23:20:42 IST" duration-ms="3" status="PASS">
          <reporter-output>
          </reporter-output>
        </test-method> <!-- testmethod7 -->
        <test-method signature="testmethod8()[pri:0, instance:paralleltesting.TestClass3@58d75e99]" started-at="2026-02-05T23:20:42 IST" name="testmethod8" finished-at="2026-02-05T23:20:42 IST" duration-ms="1" status="PASS">
          <reporter-output>
          </reporter-output>
        </test-method> <!-- testmethod8 -->
        <test-method signature="testmethod9()[pri:0, instance:paralleltesting.TestClass3@58d75e99]" started-at="2026-02-05T23:20:43 IST" name="testmethod9" finished-at="2026-02-05T23:20:43 IST" duration-ms="2" status="PASS">
          <reporter-output>
          </reporter-output>
        </test-method> <!-- testmethod9 -->
      </class> <!-- paralleltesting.TestClass3 -->
      <class name="paralleltesting.TestClass1">
        <test-method signature="testmethod1()[pri:0, instance:paralleltesting.TestClass1@56cdfb3b]" started-at="2026-02-05T23:20:42 IST" name="testmethod1" finished-at="2026-02-05T23:20:42 IST" duration-ms="11" status="PASS">
          <reporter-output>
          </reporter-output>
        </test-method> <!-- testmethod1 -->
        <test-method signature="testmethod2()[pri:0, instance:paralleltesting.TestClass1@56cdfb3b]" started-at="2026-02-05T23:20:42 IST" name="testmethod2" finished-at="2026-02-05T23:20:42 IST" duration-ms="19" status="PASS">
          <reporter-output>
          </reporter-output>
        </test-method> <!-- testmethod2 -->
        <test-method signature="testmethod3()[pri:0, instance:paralleltesting.TestClass1@56cdfb3b]" started-at="2026-02-05T23:20:42 IST" name="testmethod3" finished-at="2026-02-05T23:20:42 IST" duration-ms="2" status="PASS">
          <reporter-output>
          </reporter-output>
        </test-method> <!-- testmethod3 -->
      </class> <!-- paralleltesting.TestClass1 -->
      <class name="paralleltesting.TestClass2">
        <test-method signature="testmethod4()[pri:0, instance:paralleltesting.TestClass2@7bd4937b]" started-at="2026-02-05T23:20:42 IST" name="testmethod4" finished-at="2026-02-05T23:20:42 IST" duration-ms="11" status="PASS">
          <reporter-output>
          </reporter-output>
        </test-method> <!-- testmethod4 -->
        <test-method signature="testmethod5()[pri:0, instance:paralleltesting.TestClass2@7bd4937b]" started-at="2026-02-05T23:20:42 IST" name="testmethod5" finished-at="2026-02-05T23:20:42 IST" duration-ms="2" status="PASS">
          <reporter-output>
          </reporter-output>
        </test-method> <!-- testmethod5 -->
        <test-method signature="testmethod6()[pri:0, instance:paralleltesting.TestClass2@7bd4937b]" started-at="2026-02-05T23:20:42 IST" name="testmethod6" finished-at="2026-02-05T23:20:42 IST" duration-ms="2" status="PASS">
          <reporter-output>
          </reporter-output>
        </test-method> <!-- testmethod6 -->
      </class> <!-- paralleltesting.TestClass2 -->
    </test> <!-- Test1 -->
    <test started-at="2026-02-05T23:20:43 IST" name="Test2" finished-at="2026-02-05T23:20:43 IST" duration-ms="6">
      <class name="paralleltesting.TestClass4">
        <test-method signature="testmethod10()[pri:0, instance:paralleltesting.TestClass4@7db12bb6]" started-at="2026-02-05T23:20:43 IST" name="testmethod10" finished-at="2026-02-05T23:20:43 IST" duration-ms="1" status="PASS">
          <reporter-output>
          </reporter-output>
        </test-method> <!-- testmethod10 -->
      </class> <!-- paralleltesting.TestClass4 -->
    </test> <!-- Test2 -->
  </suite> <!-- Suite -->
</testng-results>
