<?xml version="1.0" encoding="UTF-8"?>
<!-- Generated by org.testng.reporters.JUnitXMLReporter -->
<testsuite ignored="0" hostname="Sonali-Shah" failures="0" tests="7" name="Test" time="109.336" errors="0" timestamp="2025-12-06T20:12:09 IST">
  <testcase classname="testng.orangehrm" name="openapp" time="0.013"/>
  <testcase classname="testng.orangehrm" name="loginapp" time="0.002"/>
  <testcase classname="testng.orangehrm" name="logoutapp" time="0.002"/>
  <testcase classname="testng.practicetestng" name="opening" time="77.974"/>
  <testcase classname="testng.practicetestng" name="testlogo" time="5.066"/>
  <testcase classname="testng.practicetestng" name="login" time="24.999"/>
  <testcase classname="testng.practicetestng" name="logout" time="1.185"/>
</testsuite> <!-- Test -->
