<?xml version="1.0" encoding="UTF-8"?>
<!-- Generated by org.testng.reporters.JUnitXMLReporter -->
<testsuite ignored="0" hostname="Sonali-Shah" failures="0" tests="9" name="Test1" time="0.09" errors="0" timestamp="2026-02-05T23:20:43 IST">
  <testcase classname="paralleltesting.TestClass1" name="testmethod1" time="0.011"/>
  <testcase classname="paralleltesting.TestClass2" name="testmethod4" time="0.011"/>
  <testcase classname="paralleltesting.TestClass2" name="testmethod5" time="0.002"/>
  <testcase classname="paralleltesting.TestClass2" name="testmethod6" time="0.002"/>
  <testcase classname="paralleltesting.TestClass1" name="testmethod2" time="0.019"/>
  <testcase classname="paralleltesting.TestClass1" name="testmethod3" time="0.002"/>
  <testcase classname="paralleltesting.TestClass3" name="testmethod7" time="0.003"/>
  <testcase classname="paralleltesting.TestClass3" name="testmethod8" time="0.001"/>
  <testcase classname="paralleltesting.TestClass3" name="testmethod9" time="0.002"/>
</testsuite> <!-- Test1 -->
