<?xml version="1.0" encoding="UTF-8"?>
<!-- Generated by org.testng.reporters.JUnitXMLReporter -->
<testsuite ignored="0" hostname="Sonali-Shah" failures="0" tests="3" name="Test3" time="0.013" errors="0" timestamp="2026-02-05T22:53:07 IST">
  <testcase classname="paralleltesting.TestClass3" name="testmethod7" time="0.002"/>
  <testcase classname="paralleltesting.TestClass3" name="testmethod8" time="0.002"/>
  <testcase classname="paralleltesting.TestClass3" name="testmethod9" time="0.002"/>
</testsuite> <!-- Test3 -->
